Start testing: Apr 08 06:55 EEST
----------------------------------------------------------
1/1 Testing: TestSetters.FractionTest
1/1 Test: TestSetters.FractionTest
Command: "/Users/yura_kulakovskyi/Documents/C++/OOP/PR3/PR3_3_B/cmake-build-debug/PR3_3_B_tests" "--gtest_filter=TestSetters.FractionTest" "--gtest_also_run_disabled_tests"
Directory: /Users/yura_kulakovskyi/Documents/C++/OOP/PR3/PR3_3_B/cmake-build-debug
"TestSetters.FractionTest" start time: Apr 08 06:55 EEST
Output:
----------------------------------------------------------
Running main() from /Users/yura_kulakovskyi/Documents/C++/OOP/PR3/PR3_3_B/lib/googletest/googletest/src/gtest_main.cc
Note: Google Test filter = TestSetters.FractionTest
[==========] Running 1 test from 1 test suite.
[----------] Global test environment set-up.
[----------] 1 test from TestSetters
[ RUN      ] TestSetters.FractionTest
[       OK ] TestSetters.FractionTest (0 ms)
[----------] 1 test from TestSetters (0 ms total)

[----------] Global test environment tear-down
[==========] 1 test from 1 test suite ran. (0 ms total)
[  PASSED  ] 1 test.
<end of output>
Test time =   0.01 sec
----------------------------------------------------------
Test Passed.
"TestSetters.FractionTest" end time: Apr 08 06:55 EEST
"TestSetters.FractionTest" time elapsed: 00:00:00
----------------------------------------------------------

End testing: Apr 08 06:55 EEST
